<?xml version="1.0" encoding="UTF-8"?>
<testsuites>
  <testsuite name="Shader Quality Gate" tests="17" failures="1" errors="0" time="1" timestamp="2025-08-08T23:51:16.805Z">
    <testcase name="frontend\lib\webgpu\shaders\avatarShader.wgsl" classname="ShaderValidation" time="0.1" />
    <testcase name="frontend\lib\webgpu\shaders\bitReversal.wgsl" classname="ShaderValidation" time="0.1" />
    <testcase name="frontend\lib\webgpu\shaders\butterflyStage.wgsl" classname="ShaderValidation" time="0.1" />
    <testcase name="frontend\lib\webgpu\shaders\fftShift.wgsl" classname="ShaderValidation" time="0.1" />
    <testcase name="frontend\lib\webgpu\shaders\hybridWavefieldBlend.wgsl" classname="ShaderValidation" time="0.1" />
    <testcase name="frontend\lib\webgpu\shaders\lenticularInterlace.wgsl" classname="ShaderValidation" time="0.1" />
    <testcase name="frontend\lib\webgpu\shaders\lightFieldComposer.wgsl" classname="ShaderValidation" time="0.1">
      <failure message="[ERROR naga::valid::compose] Vector component[0] type Scalar(Scalar { kind: Uint, width: 4 }), building Scalar { kind: Sint, width: 4 }
[0m[1m[38;5;9merror[0m[1m: Entry point main at Compute is invalid[0m
   [0m[36m┌─[0m .temp_lightFieldComposer.wgsl:69:61
   [0m[36m│[0m
[0m[36m69[0m [0m[36m│[0m             let baseColor: vec4<f32> = textureLoad(baseTex, [0m[31mvec2<i32>(local_x, local_y)[0m, i32(viewIndex), 0);
   [0m[36m│[0m                                                             [0m[31m^^^^^^^^^^^^^^^^^^^^^^^^^^^[0m [0m[31mnaga::ir::Expression [51][0m
   [0m[36m│[0m
   [0m[36m=[0m Expression [51] is invalid
   [0m[36m=[0m Composing 0's component type is not expected

" type="NAGA_VALIDATION"><![CDATA[NAGA_VALIDATION: [ERROR naga::valid::compose] Vector component[0] type Scalar(Scalar { kind: Uint, width: 4 }), building Scalar { kind: Sint, width: 4 }
[0m[1m[38;5;9merror[0m[1m: Entry point main at Compute is invalid[0m
   [0m[36m┌─[0m .temp_lightFieldComposer.wgsl:69:61
   [0m[36m│[0m
[0m[36m69[0m [0m[36m│[0m             let baseColor: vec4<f32> = textureLoad(baseTex, [0m[31mvec2<i32>(local_x, local_y)[0m, i32(viewIndex), 0);
   [0m[36m│[0m                                                             [0m[31m^^^^^^^^^^^^^^^^^^^^^^^^^^^[0m [0m[31mnaga::ir::Expression [51][0m
   [0m[36m│[0m
   [0m[36m=[0m Expression [51] is invalid
   [0m[36m=[0m Composing 0's component type is not expected

]]></failure>
    </testcase>
    <testcase name="frontend\lib\webgpu\shaders\multiDepthWaveSynth.wgsl" classname="ShaderValidation" time="0.1" />
    <testcase name="frontend\lib\webgpu\shaders\multiViewSynthesis.wgsl" classname="ShaderValidation" time="0.1" />
    <testcase name="frontend\lib\webgpu\shaders\normalize.wgsl" classname="ShaderValidation" time="0.1" />
    <testcase name="frontend\lib\webgpu\shaders\phaseOcclusion.wgsl" classname="ShaderValidation" time="0.1" />
    <testcase name="frontend\lib\webgpu\shaders\propagation.wgsl" classname="ShaderValidation" time="0.1" />
    <testcase name="frontend\lib\webgpu\shaders\topologicalOverlay.wgsl" classname="ShaderValidation" time="0.1" />
    <testcase name="frontend\lib\webgpu\shaders\transpose.wgsl" classname="ShaderValidation" time="0.1" />
    <testcase name="frontend\lib\webgpu\shaders\velocityField.wgsl" classname="ShaderValidation" time="0.1" />
    <testcase name="frontend\lib\webgpu\shaders\wavefieldEncoder.wgsl" classname="ShaderValidation" time="0.1" />
    <testcase name="frontend\lib\webgpu\shaders\wavefieldEncoder_optimized.wgsl" classname="ShaderValidation" time="0.1" />
  </testsuite>
</testsuites>
